<?xml version="1.0" encoding="UTF-8"?>
<testng-results skipped="0" failed="0" ignored="0" total="2" passed="2">
  <reporter-output>
    <line>
      <![CDATA[12-Jul-2020 12:11:13 PM : <a target=_blank href=screenshots/screenshot_1.png>login  </a>]]>
    </line>
    <line>
      <![CDATA[12-Jul-2020 12:11:13 PM : sample log]]>
    </line>
    <line>
      <![CDATA[12-Jul-2020 12:11:28 PM : <a target=_blank href=screenshots/screenshot_2.png>Texted successful  </a>]]>
    </line>
    <line>
      <![CDATA[12-Jul-2020 12:11:29 PM : <a target=_blank href=screenshots/screenshot_3.png>TextBox successful  </a>]]>
    </line>
    <line>
      <![CDATA[12-Jul-2020 12:11:33 PM : <a target=_blank href=screenshots/screenshot_4.png>CheckBox successful  </a>]]>
    </line>
    <line>
      <![CDATA[12-Jul-2020 12:11:34 PM : <a target=_blank href=screenshots/screenshot_5.png>RadioButton successful  </a>]]>
    </line>
    <line>
      <![CDATA[12-Jul-2020 12:11:35 PM : <a target=_blank href=screenshots/screenshot_6.png>webTables successful  </a>]]>
    </line>
    <line>
      <![CDATA[12-Jul-2020 12:11:39 PM : <a target=_blank href=screenshots/screenshot_7.png>webTables amned successful  </a>]]>
    </line>
    <line>
      <![CDATA[12-Jul-2020 12:11:46 PM : <a target=_blank href=screenshots/screenshot_8.png>webTables amned successful  </a>]]>
    </line>
    <line>
      <![CDATA[12-Jul-2020 12:11:46 PM : <a target=_blank href=screenshots/screenshot_9.png>visible  </a>]]>
    </line>
    <line>
      <![CDATA[12-Jul-2020 12:11:47 PM : <a target=_blank href=screenshots/screenshot_10.png>webTables successful  </a>]]>
    </line>
    <line>
      <![CDATA[12-Jul-2020 12:11:51 PM : <a target=_blank href=screenshots/screenshot_11.png>clicking successful  </a>]]>
    </line>
    <line>
      <![CDATA[12-Jul-2020 12:11:51 PM : <a target=_blank href=screenshots/screenshot_12.png>clicking successful  </a>]]>
    </line>
    <line>
      <![CDATA[12-Jul-2020 12:11:51 PM : <a target=_blank href=screenshots/screenshot_13.png>clicking successful  </a>]]>
    </line>
    <line>
      <![CDATA[12-Jul-2020 12:11:57 PM : <a target=_blank href=screenshots/screenshot_14.png>clicking successful  </a>]]>
    </line>
    <line>
      <![CDATA[12-Jul-2020 12:12:09 PM : <a target=_blank href=screenshots/screenshot_15.png>visible  </a>]]>
    </line>
    <line>
      <![CDATA[12-Jul-2020 12:12:10 PM : <a target=_blank href=screenshots/screenshot_16.png>clicking successful  </a>]]>
    </line>
    <line>
      <![CDATA[12-Jul-2020 12:12:23 PM : <a target=_blank href=screenshots/screenshot_17.png>Texted successful  </a>]]>
    </line>
    <line>
      <![CDATA[12-Jul-2020 12:12:23 PM : <a target=_blank href=screenshots/screenshot_18.png>TextBox successful  </a>]]>
    </line>
    <line>
      <![CDATA[12-Jul-2020 12:12:26 PM : <a target=_blank href=screenshots/screenshot_19.png>visible  </a>]]>
    </line>
    <line>
      <![CDATA[12-Jul-2020 12:12:39 PM : <a target=_blank href=screenshots/screenshot_20.png>login  </a>]]>
    </line>
    <line>
      <![CDATA[12-Jul-2020 12:12:39 PM : sample log]]>
    </line>
    <line>
      <![CDATA[12-Jul-2020 12:12:44 PM : <a target=_blank href=screenshots/screenshot_21.png>scrollDown successful  </a>]]>
    </line>
    <line>
      <![CDATA[12-Jul-2020 12:12:44 PM : <a target=_blank href=screenshots/screenshot_22.png>clicking successful  </a>]]>
    </line>
    <line>
      <![CDATA[12-Jul-2020 12:13:09 PM : <a target=_blank href=screenshots/screenshot_23.png>clicking successful  </a>]]>
    </line>
    <line>
      <![CDATA[12-Jul-2020 12:13:09 PM : <a target=_blank href=screenshots/screenshot_24.png>scrollDown successful  </a>]]>
    </line>
    <line>
      <![CDATA[12-Jul-2020 12:13:10 PM : <a target=_blank href=screenshots/screenshot_25.png>clicking successful  </a>]]>
    </line>
    <line>
      <![CDATA[12-Jul-2020 12:13:11 PM : <a target=_blank href=screenshots/screenshot_26.png>clicking successful  </a>]]>
    </line>
    <line>
      <![CDATA[12-Jul-2020 12:13:19 PM : <a target=_blank href=screenshots/screenshot_27.png>clicking successful  </a>]]>
    </line>
    <line>
      <![CDATA[12-Jul-2020 12:13:25 PM : <a target=_blank href=screenshots/screenshot_28.png>clicking successful  </a>]]>
    </line>
    <line>
      <![CDATA[12-Jul-2020 12:13:32 PM : <a target=_blank href=screenshots/screenshot_29.png>clicking successful  </a>]]>
    </line>
    <line>
      <![CDATA[12-Jul-2020 12:13:37 PM : <a target=_blank href=screenshots/screenshot_30.png>clicking successful  </a>]]>
    </line>
    <line>
      <![CDATA[12-Jul-2020 12:13:44 PM : <a target=_blank href=screenshots/screenshot_31.png>clicking successful  </a>]]>
    </line>
    <line>
      <![CDATA[12-Jul-2020 12:13:51 PM : <a target=_blank href=screenshots/screenshot_32.png>clicking successful  </a>]]>
    </line>
    <line>
      <![CDATA[12-Jul-2020 12:13:55 PM : <a target=_blank href=screenshots/screenshot_33.png>clicking successful  </a>]]>
    </line>
    <line>
      <![CDATA[12-Jul-2020 12:14:01 PM : <a target=_blank href=screenshots/screenshot_34.png>clicking successful  </a>]]>
    </line>
  </reporter-output>
  <suite name="TestNG Suite" duration-ms="186661" started-at="2020-07-12T12:10:56 IST" finished-at="2020-07-12T12:14:02 IST">
    <groups>
      <group name="Force1">
        <method signature="a_Elements.Test1()[pri:0, instance:com.internetapp.tests.a_Elements@69b0fd6f]" name="Test1" class="com.internetapp.tests.a_Elements"/>
      </group> <!-- Force1 -->
      <group name="Force2">
        <method signature="a_Elements.Test4()[pri:0, instance:com.internetapp.tests.a_Elements@69b0fd6f]" name="Test4" class="com.internetapp.tests.a_Elements"/>
      </group> <!-- Force2 -->
    </groups>
    <test name="TestNG Test0" duration-ms="186661" started-at="2020-07-12T12:10:56 IST" finished-at="2020-07-12T12:14:02 IST">
      <class name="com.internetapp.tests.a_Elements">
        <test-method status="PASS" signature="Test1()[pri:0, instance:com.internetapp.tests.a_Elements@69b0fd6f]" name="Test1" duration-ms="90124" started-at="2020-07-12T12:10:56 IST" finished-at="2020-07-12T12:12:26 IST">
          <reporter-output>
            <line>
              <![CDATA[12-Jul-2020 12:11:13 PM : <a target=_blank href=screenshots/screenshot_1.png>login  </a>]]>
            </line>
            <line>
              <![CDATA[12-Jul-2020 12:11:13 PM : sample log]]>
            </line>
            <line>
              <![CDATA[12-Jul-2020 12:11:28 PM : <a target=_blank href=screenshots/screenshot_2.png>Texted successful  </a>]]>
            </line>
            <line>
              <![CDATA[12-Jul-2020 12:11:29 PM : <a target=_blank href=screenshots/screenshot_3.png>TextBox successful  </a>]]>
            </line>
            <line>
              <![CDATA[12-Jul-2020 12:11:33 PM : <a target=_blank href=screenshots/screenshot_4.png>CheckBox successful  </a>]]>
            </line>
            <line>
              <![CDATA[12-Jul-2020 12:11:34 PM : <a target=_blank href=screenshots/screenshot_5.png>RadioButton successful  </a>]]>
            </line>
            <line>
              <![CDATA[12-Jul-2020 12:11:35 PM : <a target=_blank href=screenshots/screenshot_6.png>webTables successful  </a>]]>
            </line>
            <line>
              <![CDATA[12-Jul-2020 12:11:39 PM : <a target=_blank href=screenshots/screenshot_7.png>webTables amned successful  </a>]]>
            </line>
            <line>
              <![CDATA[12-Jul-2020 12:11:46 PM : <a target=_blank href=screenshots/screenshot_8.png>webTables amned successful  </a>]]>
            </line>
            <line>
              <![CDATA[12-Jul-2020 12:11:46 PM : <a target=_blank href=screenshots/screenshot_9.png>visible  </a>]]>
            </line>
            <line>
              <![CDATA[12-Jul-2020 12:11:47 PM : <a target=_blank href=screenshots/screenshot_10.png>webTables successful  </a>]]>
            </line>
            <line>
              <![CDATA[12-Jul-2020 12:11:51 PM : <a target=_blank href=screenshots/screenshot_11.png>clicking successful  </a>]]>
            </line>
            <line>
              <![CDATA[12-Jul-2020 12:11:51 PM : <a target=_blank href=screenshots/screenshot_12.png>clicking successful  </a>]]>
            </line>
            <line>
              <![CDATA[12-Jul-2020 12:11:51 PM : <a target=_blank href=screenshots/screenshot_13.png>clicking successful  </a>]]>
            </line>
            <line>
              <![CDATA[12-Jul-2020 12:11:57 PM : <a target=_blank href=screenshots/screenshot_14.png>clicking successful  </a>]]>
            </line>
            <line>
              <![CDATA[12-Jul-2020 12:12:09 PM : <a target=_blank href=screenshots/screenshot_15.png>visible  </a>]]>
            </line>
            <line>
              <![CDATA[12-Jul-2020 12:12:10 PM : <a target=_blank href=screenshots/screenshot_16.png>clicking successful  </a>]]>
            </line>
            <line>
              <![CDATA[12-Jul-2020 12:12:23 PM : <a target=_blank href=screenshots/screenshot_17.png>Texted successful  </a>]]>
            </line>
            <line>
              <![CDATA[12-Jul-2020 12:12:23 PM : <a target=_blank href=screenshots/screenshot_18.png>TextBox successful  </a>]]>
            </line>
            <line>
              <![CDATA[12-Jul-2020 12:12:26 PM : <a target=_blank href=screenshots/screenshot_19.png>visible  </a>]]>
            </line>
          </reporter-output>
        </test-method> <!-- Test1 -->
        <test-method status="PASS" signature="Test4()[pri:0, instance:com.internetapp.tests.a_Elements@69b0fd6f]" name="Test4" duration-ms="94405" started-at="2020-07-12T12:12:27 IST" finished-at="2020-07-12T12:14:01 IST">
          <reporter-output>
            <line>
              <![CDATA[12-Jul-2020 12:12:39 PM : <a target=_blank href=screenshots/screenshot_20.png>login  </a>]]>
            </line>
            <line>
              <![CDATA[12-Jul-2020 12:12:39 PM : sample log]]>
            </line>
            <line>
              <![CDATA[12-Jul-2020 12:12:44 PM : <a target=_blank href=screenshots/screenshot_21.png>scrollDown successful  </a>]]>
            </line>
            <line>
              <![CDATA[12-Jul-2020 12:12:44 PM : <a target=_blank href=screenshots/screenshot_22.png>clicking successful  </a>]]>
            </line>
            <line>
              <![CDATA[12-Jul-2020 12:13:09 PM : <a target=_blank href=screenshots/screenshot_23.png>clicking successful  </a>]]>
            </line>
            <line>
              <![CDATA[12-Jul-2020 12:13:09 PM : <a target=_blank href=screenshots/screenshot_24.png>scrollDown successful  </a>]]>
            </line>
            <line>
              <![CDATA[12-Jul-2020 12:13:10 PM : <a target=_blank href=screenshots/screenshot_25.png>clicking successful  </a>]]>
            </line>
            <line>
              <![CDATA[12-Jul-2020 12:13:11 PM : <a target=_blank href=screenshots/screenshot_26.png>clicking successful  </a>]]>
            </line>
            <line>
              <![CDATA[12-Jul-2020 12:13:19 PM : <a target=_blank href=screenshots/screenshot_27.png>clicking successful  </a>]]>
            </line>
            <line>
              <![CDATA[12-Jul-2020 12:13:25 PM : <a target=_blank href=screenshots/screenshot_28.png>clicking successful  </a>]]>
            </line>
            <line>
              <![CDATA[12-Jul-2020 12:13:32 PM : <a target=_blank href=screenshots/screenshot_29.png>clicking successful  </a>]]>
            </line>
            <line>
              <![CDATA[12-Jul-2020 12:13:37 PM : <a target=_blank href=screenshots/screenshot_30.png>clicking successful  </a>]]>
            </line>
            <line>
              <![CDATA[12-Jul-2020 12:13:44 PM : <a target=_blank href=screenshots/screenshot_31.png>clicking successful  </a>]]>
            </line>
            <line>
              <![CDATA[12-Jul-2020 12:13:51 PM : <a target=_blank href=screenshots/screenshot_32.png>clicking successful  </a>]]>
            </line>
            <line>
              <![CDATA[12-Jul-2020 12:13:55 PM : <a target=_blank href=screenshots/screenshot_33.png>clicking successful  </a>]]>
            </line>
            <line>
              <![CDATA[12-Jul-2020 12:14:01 PM : <a target=_blank href=screenshots/screenshot_34.png>clicking successful  </a>]]>
            </line>
          </reporter-output>
        </test-method> <!-- Test4 -->
      </class> <!-- com.internetapp.tests.a_Elements -->
    </test> <!-- TestNG Test0 -->
  </suite> <!-- TestNG Suite -->
</testng-results>
