<?xml version="1.0" encoding="UTF-8"?>
<testng-results skipped="0" failed="0" ignored="0" total="2" passed="2">
  <reporter-output>
    <line>
      <![CDATA[01-Aug-2020 12:17:32 AM : <a target=_blank href=screenshots/screenshot_1.png>login  </a>]]>
    </line>
    <line>
      <![CDATA[01-Aug-2020 12:17:32 AM : sample log]]>
    </line>
    <line>
      <![CDATA[01-Aug-2020 12:17:45 AM : <a target=_blank href=screenshots/screenshot_2.png>Texted successful  </a>]]>
    </line>
    <line>
      <![CDATA[01-Aug-2020 12:17:45 AM : <a target=_blank href=screenshots/screenshot_3.png>TextBox successful  </a>]]>
    </line>
    <line>
      <![CDATA[01-Aug-2020 12:17:50 AM : <a target=_blank href=screenshots/screenshot_4.png>CheckBox successful  </a>]]>
    </line>
    <line>
      <![CDATA[01-Aug-2020 12:17:51 AM : <a target=_blank href=screenshots/screenshot_5.png>RadioButton successful  </a>]]>
    </line>
    <line>
      <![CDATA[01-Aug-2020 12:17:52 AM : <a target=_blank href=screenshots/screenshot_6.png>webTables successful  </a>]]>
    </line>
    <line>
      <![CDATA[01-Aug-2020 12:17:56 AM : <a target=_blank href=screenshots/screenshot_7.png>webTables amned successful  </a>]]>
    </line>
    <line>
      <![CDATA[01-Aug-2020 12:18:03 AM : <a target=_blank href=screenshots/screenshot_8.png>webTables amned successful  </a>]]>
    </line>
    <line>
      <![CDATA[01-Aug-2020 12:18:03 AM : <a target=_blank href=screenshots/screenshot_9.png>visible  </a>]]>
    </line>
    <line>
      <![CDATA[01-Aug-2020 12:18:04 AM : <a target=_blank href=screenshots/screenshot_10.png>webTables successful  </a>]]>
    </line>
    <line>
      <![CDATA[01-Aug-2020 12:18:08 AM : <a target=_blank href=screenshots/screenshot_11.png>clicking successful  </a>]]>
    </line>
    <line>
      <![CDATA[01-Aug-2020 12:18:09 AM : <a target=_blank href=screenshots/screenshot_12.png>clicking successful  </a>]]>
    </line>
    <line>
      <![CDATA[01-Aug-2020 12:18:09 AM : <a target=_blank href=screenshots/screenshot_13.png>clicking successful  </a>]]>
    </line>
    <line>
      <![CDATA[01-Aug-2020 12:18:15 AM : <a target=_blank href=screenshots/screenshot_14.png>clicking successful  </a>]]>
    </line>
    <line>
      <![CDATA[01-Aug-2020 12:18:27 AM : <a target=_blank href=screenshots/screenshot_15.png>visible  </a>]]>
    </line>
    <line>
      <![CDATA[01-Aug-2020 12:18:28 AM : <a target=_blank href=screenshots/screenshot_16.png>clicking successful  </a>]]>
    </line>
    <line>
      <![CDATA[01-Aug-2020 12:18:45 AM : <a target=_blank href=screenshots/screenshot_17.png>Texted successful  </a>]]>
    </line>
    <line>
      <![CDATA[01-Aug-2020 12:18:46 AM : <a target=_blank href=screenshots/screenshot_18.png>TextBox successful  </a>]]>
    </line>
    <line>
      <![CDATA[01-Aug-2020 12:18:48 AM : <a target=_blank href=screenshots/screenshot_19.png>visible  </a>]]>
    </line>
    <line>
      <![CDATA[01-Aug-2020 12:19:18 AM : <a target=_blank href=screenshots/screenshot_20.png>login  </a>]]>
    </line>
    <line>
      <![CDATA[01-Aug-2020 12:19:18 AM : sample log]]>
    </line>
    <line>
      <![CDATA[01-Aug-2020 12:19:22 AM : <a target=_blank href=screenshots/screenshot_21.png>scrollDown successful  </a>]]>
    </line>
    <line>
      <![CDATA[01-Aug-2020 12:19:23 AM : <a target=_blank href=screenshots/screenshot_22.png>clicking successful  </a>]]>
    </line>
    <line>
      <![CDATA[01-Aug-2020 12:19:47 AM : <a target=_blank href=screenshots/screenshot_23.png>clicking successful  </a>]]>
    </line>
    <line>
      <![CDATA[01-Aug-2020 12:19:48 AM : <a target=_blank href=screenshots/screenshot_24.png>scrollDown successful  </a>]]>
    </line>
    <line>
      <![CDATA[01-Aug-2020 12:19:56 AM : <a target=_blank href=screenshots/screenshot_25.png>clicking successful  </a>]]>
    </line>
    <line>
      <![CDATA[01-Aug-2020 12:19:58 AM : <a target=_blank href=screenshots/screenshot_26.png>clicking successful  </a>]]>
    </line>
    <line>
      <![CDATA[01-Aug-2020 12:20:05 AM : <a target=_blank href=screenshots/screenshot_27.png>clicking successful  </a>]]>
    </line>
    <line>
      <![CDATA[01-Aug-2020 12:20:11 AM : <a target=_blank href=screenshots/screenshot_28.png>clicking successful  </a>]]>
    </line>
    <line>
      <![CDATA[01-Aug-2020 12:20:18 AM : <a target=_blank href=screenshots/screenshot_29.png>clicking successful  </a>]]>
    </line>
    <line>
      <![CDATA[01-Aug-2020 12:20:23 AM : <a target=_blank href=screenshots/screenshot_30.png>clicking successful  </a>]]>
    </line>
    <line>
      <![CDATA[01-Aug-2020 12:20:29 AM : <a target=_blank href=screenshots/screenshot_31.png>clicking successful  </a>]]>
    </line>
    <line>
      <![CDATA[01-Aug-2020 12:20:37 AM : <a target=_blank href=screenshots/screenshot_32.png>clicking successful  </a>]]>
    </line>
    <line>
      <![CDATA[01-Aug-2020 12:20:41 AM : <a target=_blank href=screenshots/screenshot_33.png>clicking successful  </a>]]>
    </line>
    <line>
      <![CDATA[01-Aug-2020 12:20:52 AM : <a target=_blank href=screenshots/screenshot_34.png>clicking successful  </a>]]>
    </line>
  </reporter-output>
  <suite name="TestNG Suite" duration-ms="226902" started-at="2020-08-01T00:17:08 IST" finished-at="2020-08-01T00:20:55 IST">
    <groups>
      <group name="Force1">
        <method signature="a_Elements.Test1()[pri:0, instance:com.internetapp.tests.a_Elements@8646db9]" name="Test1" class="com.internetapp.tests.a_Elements"/>
      </group> <!-- Force1 -->
      <group name="Force2">
        <method signature="a_Elements.Test4()[pri:0, instance:com.internetapp.tests.a_Elements@8646db9]" name="Test4" class="com.internetapp.tests.a_Elements"/>
      </group> <!-- Force2 -->
    </groups>
    <test name="TestNG Test0" duration-ms="226902" started-at="2020-08-01T00:17:08 IST" finished-at="2020-08-01T00:20:55 IST">
      <class name="com.internetapp.tests.a_Elements">
        <test-method status="PASS" signature="Test1()[pri:0, instance:com.internetapp.tests.a_Elements@8646db9]" name="Test1" duration-ms="100098" started-at="2020-08-01T00:17:08 IST" finished-at="2020-08-01T00:18:48 IST">
          <reporter-output>
            <line>
              <![CDATA[01-Aug-2020 12:17:32 AM : <a target=_blank href=screenshots/screenshot_1.png>login  </a>]]>
            </line>
            <line>
              <![CDATA[01-Aug-2020 12:17:32 AM : sample log]]>
            </line>
            <line>
              <![CDATA[01-Aug-2020 12:17:45 AM : <a target=_blank href=screenshots/screenshot_2.png>Texted successful  </a>]]>
            </line>
            <line>
              <![CDATA[01-Aug-2020 12:17:45 AM : <a target=_blank href=screenshots/screenshot_3.png>TextBox successful  </a>]]>
            </line>
            <line>
              <![CDATA[01-Aug-2020 12:17:50 AM : <a target=_blank href=screenshots/screenshot_4.png>CheckBox successful  </a>]]>
            </line>
            <line>
              <![CDATA[01-Aug-2020 12:17:51 AM : <a target=_blank href=screenshots/screenshot_5.png>RadioButton successful  </a>]]>
            </line>
            <line>
              <![CDATA[01-Aug-2020 12:17:52 AM : <a target=_blank href=screenshots/screenshot_6.png>webTables successful  </a>]]>
            </line>
            <line>
              <![CDATA[01-Aug-2020 12:17:56 AM : <a target=_blank href=screenshots/screenshot_7.png>webTables amned successful  </a>]]>
            </line>
            <line>
              <![CDATA[01-Aug-2020 12:18:03 AM : <a target=_blank href=screenshots/screenshot_8.png>webTables amned successful  </a>]]>
            </line>
            <line>
              <![CDATA[01-Aug-2020 12:18:03 AM : <a target=_blank href=screenshots/screenshot_9.png>visible  </a>]]>
            </line>
            <line>
              <![CDATA[01-Aug-2020 12:18:04 AM : <a target=_blank href=screenshots/screenshot_10.png>webTables successful  </a>]]>
            </line>
            <line>
              <![CDATA[01-Aug-2020 12:18:08 AM : <a target=_blank href=screenshots/screenshot_11.png>clicking successful  </a>]]>
            </line>
            <line>
              <![CDATA[01-Aug-2020 12:18:09 AM : <a target=_blank href=screenshots/screenshot_12.png>clicking successful  </a>]]>
            </line>
            <line>
              <![CDATA[01-Aug-2020 12:18:09 AM : <a target=_blank href=screenshots/screenshot_13.png>clicking successful  </a>]]>
            </line>
            <line>
              <![CDATA[01-Aug-2020 12:18:15 AM : <a target=_blank href=screenshots/screenshot_14.png>clicking successful  </a>]]>
            </line>
            <line>
              <![CDATA[01-Aug-2020 12:18:27 AM : <a target=_blank href=screenshots/screenshot_15.png>visible  </a>]]>
            </line>
            <line>
              <![CDATA[01-Aug-2020 12:18:28 AM : <a target=_blank href=screenshots/screenshot_16.png>clicking successful  </a>]]>
            </line>
            <line>
              <![CDATA[01-Aug-2020 12:18:45 AM : <a target=_blank href=screenshots/screenshot_17.png>Texted successful  </a>]]>
            </line>
            <line>
              <![CDATA[01-Aug-2020 12:18:46 AM : <a target=_blank href=screenshots/screenshot_18.png>TextBox successful  </a>]]>
            </line>
            <line>
              <![CDATA[01-Aug-2020 12:18:48 AM : <a target=_blank href=screenshots/screenshot_19.png>visible  </a>]]>
            </line>
          </reporter-output>
        </test-method> <!-- Test1 -->
        <test-method status="PASS" signature="Test4()[pri:0, instance:com.internetapp.tests.a_Elements@8646db9]" name="Test4" duration-ms="118709" started-at="2020-08-01T00:18:53 IST" finished-at="2020-08-01T00:20:52 IST">
          <reporter-output>
            <line>
              <![CDATA[01-Aug-2020 12:19:18 AM : <a target=_blank href=screenshots/screenshot_20.png>login  </a>]]>
            </line>
            <line>
              <![CDATA[01-Aug-2020 12:19:18 AM : sample log]]>
            </line>
            <line>
              <![CDATA[01-Aug-2020 12:19:22 AM : <a target=_blank href=screenshots/screenshot_21.png>scrollDown successful  </a>]]>
            </line>
            <line>
              <![CDATA[01-Aug-2020 12:19:23 AM : <a target=_blank href=screenshots/screenshot_22.png>clicking successful  </a>]]>
            </line>
            <line>
              <![CDATA[01-Aug-2020 12:19:47 AM : <a target=_blank href=screenshots/screenshot_23.png>clicking successful  </a>]]>
            </line>
            <line>
              <![CDATA[01-Aug-2020 12:19:48 AM : <a target=_blank href=screenshots/screenshot_24.png>scrollDown successful  </a>]]>
            </line>
            <line>
              <![CDATA[01-Aug-2020 12:19:56 AM : <a target=_blank href=screenshots/screenshot_25.png>clicking successful  </a>]]>
            </line>
            <line>
              <![CDATA[01-Aug-2020 12:19:58 AM : <a target=_blank href=screenshots/screenshot_26.png>clicking successful  </a>]]>
            </line>
            <line>
              <![CDATA[01-Aug-2020 12:20:05 AM : <a target=_blank href=screenshots/screenshot_27.png>clicking successful  </a>]]>
            </line>
            <line>
              <![CDATA[01-Aug-2020 12:20:11 AM : <a target=_blank href=screenshots/screenshot_28.png>clicking successful  </a>]]>
            </line>
            <line>
              <![CDATA[01-Aug-2020 12:20:18 AM : <a target=_blank href=screenshots/screenshot_29.png>clicking successful  </a>]]>
            </line>
            <line>
              <![CDATA[01-Aug-2020 12:20:23 AM : <a target=_blank href=screenshots/screenshot_30.png>clicking successful  </a>]]>
            </line>
            <line>
              <![CDATA[01-Aug-2020 12:20:29 AM : <a target=_blank href=screenshots/screenshot_31.png>clicking successful  </a>]]>
            </line>
            <line>
              <![CDATA[01-Aug-2020 12:20:37 AM : <a target=_blank href=screenshots/screenshot_32.png>clicking successful  </a>]]>
            </line>
            <line>
              <![CDATA[01-Aug-2020 12:20:41 AM : <a target=_blank href=screenshots/screenshot_33.png>clicking successful  </a>]]>
            </line>
            <line>
              <![CDATA[01-Aug-2020 12:20:52 AM : <a target=_blank href=screenshots/screenshot_34.png>clicking successful  </a>]]>
            </line>
          </reporter-output>
        </test-method> <!-- Test4 -->
      </class> <!-- com.internetapp.tests.a_Elements -->
    </test> <!-- TestNG Test0 -->
  </suite> <!-- TestNG Suite -->
</testng-results>
